

Microchip Technology PIC LITE Macro Assembler V1.33 build 59893 
                                                                                               Sat Feb 21 09:43:05 2015

Microchip Technology Omniscient Code Generator (Lite mode) build 59893
     1                           	processor	16F877A
     2                           	opt	pw 120
     3                           	opt	lm
     4                           	psect	idataBANK0,global,class=CODE,delta=2
     5                           	psect	cinit,global,class=CODE,merge=1,delta=2
     6                           	psect	dataBANK0,global,class=BANK0,space=1,delta=1
     7                           	psect	inittext,global,class=CODE,delta=2
     8                           	psect	cstackCOMMON,global,class=COMMON,space=1,delta=1
     9                           	psect	cstackBANK0,global,class=BANK0,space=1,delta=1
    10                           	psect	maintext,global,class=CODE,split=1,delta=2
    11                           	psect	text1,local,class=CODE,merge=1,delta=2
    12                           	psect	text2,local,class=CODE,merge=1,delta=2
    13                           	psect	text3,local,class=CODE,merge=1,delta=2
    14                           	dabs	1,0x7E,2
    15  0000                     	;# 
    16  0001                     	;# 
    17  0002                     	;# 
    18  0003                     	;# 
    19  0004                     	;# 
    20  0005                     	;# 
    21  0006                     	;# 
    22  0007                     	;# 
    23  0008                     	;# 
    24  0009                     	;# 
    25  000A                     	;# 
    26  000B                     	;# 
    27  000C                     	;# 
    28  000D                     	;# 
    29  000E                     	;# 
    30  000E                     	;# 
    31  000F                     	;# 
    32  0010                     	;# 
    33  0011                     	;# 
    34  0012                     	;# 
    35  0013                     	;# 
    36  0014                     	;# 
    37  0015                     	;# 
    38  0015                     	;# 
    39  0016                     	;# 
    40  0017                     	;# 
    41  0018                     	;# 
    42  0019                     	;# 
    43  001A                     	;# 
    44  001B                     	;# 
    45  001B                     	;# 
    46  001C                     	;# 
    47  001D                     	;# 
    48  001E                     	;# 
    49  001F                     	;# 
    50  0081                     	;# 
    51  0085                     	;# 
    52  0086                     	;# 
    53  0087                     	;# 
    54  0088                     	;# 
    55  0089                     	;# 
    56  008C                     	;# 
    57  008D                     	;# 
    58  008E                     	;# 
    59  0091                     	;# 
    60  0092                     	;# 
    61  0093                     	;# 
    62  0094                     	;# 
    63  0098                     	;# 
    64  0099                     	;# 
    65  009C                     	;# 
    66  009D                     	;# 
    67  009E                     	;# 
    68  009F                     	;# 
    69  010C                     	;# 
    70  010D                     	;# 
    71  010E                     	;# 
    72  010F                     	;# 
    73  018C                     	;# 
    74  018D                     	;# 
    75                           
    76                           	psect	idataBANK0
    77  076D                     __pidataBANK0:	
    78                           
    79                           ;initializer for main@F1081
    80  076D  343F               	retlw	63
    81  076E  3406               	retlw	6
    82  076F  345B               	retlw	91
    83  0770  344F               	retlw	79
    84  0771  3466               	retlw	102
    85  0772  346D               	retlw	109
    86  0773  347D               	retlw	125
    87  0774  3407               	retlw	7
    88  0775  347F               	retlw	127
    89  0776  346F               	retlw	111
    90  0777  3477               	retlw	119
    91  0778  347C               	retlw	124
    92  0779  3439               	retlw	57
    93  077A  345E               	retlw	94
    94  077B  3479               	retlw	121
    95  077C  3471               	retlw	113
    96  0006                     _PORTB	set	6
    97  0007                     _PORTC	set	7
    98  0086                     _TRISB	set	134
    99  0087                     _TRISC	set	135
   100                           
   101                           ; #config settings
   102  0000                     
   103                           	psect	cinit
   104  07F0                     start_initialization:	
   105  07F0                     __initialization:	
   106                           
   107                           ; Initialize objects allocated to BANK0
   108  07F0  1383               	bcf	3,7	;select IRP bank0
   109  07F1  3041               	movlw	low (__pdataBANK0+16)
   110  07F2  00FD               	movwf	btemp+-1
   111  07F3  3007               	movlw	high __pidataBANK0
   112  07F4  00FE               	movwf	btemp
   113  07F5  306D               	movlw	low __pidataBANK0
   114  07F6  00FF               	movwf	btemp+1
   115  07F7  3031               	movlw	low __pdataBANK0
   116  07F8  0084               	movwf	4
   117  07F9  120A  118A  2781   	fcall	init_ram0
   118  07FC                     end_of_initialization:	
   119                           ;End of C runtime variable initialization code
   120                           
   121  07FC                     __end_of__initialization:	
   122  07FC  0183               	clrf	3
   123  07FD  120A  118A  2FB6   	ljmp	_main	;jump to C main() function
   124                           
   125                           	psect	dataBANK0
   126  0031                     __pdataBANK0:	
   127  0031                     main@F1081:	
   128  0031                     	ds	16
   129                           
   130                           	psect	inittext
   131  077D                     init_fetch0:	
   132                           ;	Called with low address in FSR and high address in W
   133                           
   134  077D  087E               	movf	126,w
   135  077E  008A               	movwf	10
   136  077F  087F               	movf	127,w
   137  0780  0082               	movwf	2
   138  0781                     init_ram0:	
   139                           ;Called with:
   140                           ;	high address of idata address in btemp 
   141                           ;	low address of idata address in btemp+1 
   142                           ;	low address of data in FSR
   143                           ;	high address + 1 of data in btemp-1
   144                           
   145  0781  277D  120A  118A   	fcall	init_fetch0
   146  0784  0080               	movwf	0
   147  0785  0A84               	incf	4,f
   148  0786  0804               	movf	4,w
   149  0787  067D               	xorwf	125,w
   150  0788  1903               	btfsc	3,2
   151  0789  3400               	retlw	0
   152  078A  0AFF               	incf	127,f
   153  078B  1903               	btfsc	3,2
   154  078C  0AFE               	incf	126,f
   155  078D  2F81               	goto	init_ram0
   156                           
   157                           	psect	cstackCOMMON
   158  0070                     __pcstackCOMMON:	
   159  0070                     ?_DELAY_us:	
   160  0070                     ?_main:	
   161                           ; 0 bytes @ 0x0
   162                           
   163  0070                     DELAY_us@us_count:	
   164                           ; 0 bytes @ 0x0
   165                           
   166                           
   167                           ; 2 bytes @ 0x0
   168  0070                     	ds	2
   169  0072                     ??_DELAY_us:	
   170  0072                     ?_DELAY_ms:	
   171                           ; 0 bytes @ 0x2
   172                           
   173  0072                     DELAY_ms@ms_count:	
   174                           ; 0 bytes @ 0x2
   175                           
   176                           
   177                           ; 2 bytes @ 0x2
   178  0072                     	ds	2
   179  0074                     ??_DELAY_ms:	
   180  0074                     ?_DELAY_sec:	
   181                           ; 0 bytes @ 0x4
   182                           
   183  0074                     DELAY_sec@sec_count:	
   184                           ; 0 bytes @ 0x4
   185                           
   186                           
   187                           ; 2 bytes @ 0x4
   188  0074                     	ds	2
   189  0076                     ??_DELAY_sec:	
   190  0076                     ??_main:	
   191                           ; 0 bytes @ 0x6
   192                           
   193                           
   194                           ; 0 bytes @ 0x6
   195  0076                     	ds	4
   196                           
   197                           	psect	cstackBANK0
   198  0020                     __pcstackBANK0:	
   199  0020                     main@seg_code:	
   200                           
   201                           ; 16 bytes @ 0x0
   202  0020                     	ds	16
   203  0030                     main@cnt:	
   204                           
   205                           ; 1 bytes @ 0x10
   206  0030                     	ds	1
   207                           
   208                           	psect	maintext
   209  07B6                     __pmaintext:	
   210 ;;
   211 ;;Main: autosize = 0, tempsize = 4, incstack = 0, save=0
   212 ;;
   213 ;; *************** function _main *****************
   214 ;; Defined at:
   215 ;;		line 24 in file "main.c"
   216 ;; Parameters:    Size  Location     Type
   217 ;;		None
   218 ;; Auto vars:     Size  Location     Type
   219 ;;  seg_code       16    0[BANK0 ] unsigned char [16]
   220 ;;  cnt             1   16[BANK0 ] unsigned char 
   221 ;; Return value:  Size  Location     Type
   222 ;;		None               void
   223 ;; Registers used:
   224 ;;		wreg, fsr0l, fsr0h, status,2, status,0, pclath, cstack
   225 ;; Tracked objects:
   226 ;;		On entry : 17F/0
   227 ;;		On exit  : 0/0
   228 ;;		Unchanged: 0/0
   229 ;; Data sizes:     COMMON   BANK0   BANK1   BANK3   BANK2
   230 ;;      Params:         0       0       0       0       0
   231 ;;      Locals:         0      17       0       0       0
   232 ;;      Temps:          4       0       0       0       0
   233 ;;      Totals:         4      17       0       0       0
   234 ;;Total ram usage:       21 bytes
   235 ;; Hardware stack levels required when called:    3
   236 ;; This function calls:
   237 ;;		_DELAY_sec
   238 ;; This function is called by:
   239 ;;		Startup code after reset
   240 ;; This function uses a non-reentrant model
   241 ;;
   242                           
   243                           
   244                           ;psect for function _main
   245  07B6                     _main:	
   246                           
   247                           ;main.c: 26: unsigned char seg_code[]={0x3f,0x06,0x5b,0x4f,0x66,0x6d,0x7d,0x07,0x7f,0x6f
      +                          ,0x77,0x7c,0x39,0x5e,0x79,0x71};
   248                           
   249                           ;incstack = 0
   250                           ; Regs used in _main: [wreg-fsr0h+status,2+status,0+pclath+cstack]
   251  07B6  3020               	movlw	main@seg_code& (0+255)
   252  07B7  0084               	movwf	4
   253  07B8  3031               	movlw	low main@F1081
   254  07B9  00F6               	movwf	??_main
   255  07BA  0804               	movf	4,w
   256  07BB  00F7               	movwf	??_main+1
   257  07BC  3010               	movlw	16
   258  07BD  00F8               	movwf	??_main+2
   259  07BE                     u100:	
   260  07BE  0876               	movf	??_main,w
   261  07BF  0084               	movwf	4
   262  07C0  1383               	bcf	3,7	;select IRP bank0
   263  07C1  0800               	movf	0,w
   264  07C2  00F9               	movwf	??_main+3
   265  07C3  0AF6               	incf	??_main,f
   266  07C4  0877               	movf	??_main+1,w
   267  07C5  0084               	movwf	4
   268  07C6  0879               	movf	??_main+3,w
   269  07C7  0080               	movwf	0
   270  07C8  0AF7               	incf	??_main+1,f
   271  07C9  0BF8               	decfsz	??_main+2,f
   272  07CA  2FBE               	goto	u100
   273                           
   274                           ;main.c: 27: unsigned char cnt=0;
   275  07CB  1283               	bcf	3,5	;RP0=0, select bank0
   276  07CC  1303               	bcf	3,6	;RP1=0, select bank0
   277  07CD  01B0               	clrf	main@cnt
   278                           
   279                           ;main.c: 30: TRISB = 0x00u;
   280  07CE  1683               	bsf	3,5	;RP0=1, select bank1
   281  07CF  1303               	bcf	3,6	;RP1=0, select bank1
   282  07D0  0186               	clrf	6	;volatile
   283                           
   284                           ;main.c: 31: TRISC = 0x00u;
   285  07D1  0187               	clrf	7	;volatile
   286  07D2                     l571:	
   287                           ;main.c: 33: while(1)
   288                           
   289                           
   290                           ;main.c: 34: {
   291                           ;main.c: 36: for(cnt=0x00;cnt<=0x0f;cnt++)
   292  07D2  1283               	bcf	3,5	;RP0=0, select bank0
   293  07D3  01B0               	clrf	main@cnt
   294  07D4                     L1:	
   295  07D4  3010               	movlw	16
   296  07D5  0230               	subwf	main@cnt,w
   297  07D6  1803               	btfsc	3,0
   298  07D7  2FD2               	goto	l571
   299                           
   300                           ;main.c: 37: {
   301                           ;main.c: 38: PORTC = 0x01;
   302  07D8  3001               	movlw	1
   303  07D9  0087               	movwf	7	;volatile
   304                           
   305                           ;main.c: 39: PORTB= seg_code[cnt];
   306  07DA  0830               	movf	main@cnt,w
   307  07DB  3E20               	addlw	main@seg_code& (0+255)
   308  07DC  0084               	movwf	4
   309  07DD  1383               	bcf	3,7	;select IRP bank0
   310  07DE  0800               	movf	0,w
   311  07DF  0086               	movwf	6	;volatile
   312                           
   313                           ;main.c: 40: DELAY_sec(1);
   314  07E0  3001               	movlw	1
   315  07E1  00F4               	movwf	DELAY_sec@sec_count
   316  07E2  3000               	movlw	0
   317  07E3  00F5               	movwf	DELAY_sec@sec_count+1
   318  07E4  120A  118A  27A2  120A  118A  	fcall	_DELAY_sec
   319  07E9  3001               	movlw	1
   320  07EA  00F6               	movwf	??_main
   321  07EB  0876               	movf	??_main,w
   322  07EC  1283               	bcf	3,5	;RP0=0, select bank0
   323  07ED  1303               	bcf	3,6	;RP1=0, select bank0
   324  07EE  07B0               	addwf	main@cnt,f
   325  07EF  2FD4               	goto	L1
   326  07F0                     __end_of_main:	
   327                           
   328                           	psect	text1
   329  07A2                     __ptext1:	
   330 ;; *************** function _DELAY_sec *****************
   331 ;; Defined at:
   332 ;;		line 102 in file "delay.c"
   333 ;; Parameters:    Size  Location     Type
   334 ;;  sec_count       2    4[COMMON] unsigned int 
   335 ;; Auto vars:     Size  Location     Type
   336 ;;		None
   337 ;; Return value:  Size  Location     Type
   338 ;;		None               void
   339 ;; Registers used:
   340 ;;		wreg, status,2, status,0, pclath, cstack
   341 ;; Tracked objects:
   342 ;;		On entry : 0/0
   343 ;;		On exit  : 0/0
   344 ;;		Unchanged: 0/0
   345 ;; Data sizes:     COMMON   BANK0   BANK1   BANK3   BANK2
   346 ;;      Params:         2       0       0       0       0
   347 ;;      Locals:         0       0       0       0       0
   348 ;;      Temps:          0       0       0       0       0
   349 ;;      Totals:         2       0       0       0       0
   350 ;;Total ram usage:        2 bytes
   351 ;; Hardware stack levels used:    1
   352 ;; Hardware stack levels required when called:    2
   353 ;; This function calls:
   354 ;;		_DELAY_ms
   355 ;; This function is called by:
   356 ;;		_main
   357 ;; This function uses a non-reentrant model
   358 ;;
   359                           
   360                           
   361                           ;psect for function _DELAY_sec
   362  07A2                     _DELAY_sec:	
   363  07A2                     l561:	
   364                           ;delay.c: 106: while(sec_count!=0)
   365                           
   366                           ;incstack = 0
   367                           ; Regs used in _DELAY_sec: [wreg+status,2+status,0+pclath+cstack]
   368                           
   369  07A2  0875               	movf	DELAY_sec@sec_count+1,w
   370  07A3  0474               	iorwf	DELAY_sec@sec_count,w
   371  07A4  1903               	btfsc	3,2
   372  07A5  0008               	return
   373                           
   374                           ;delay.c: 107: {
   375                           ;delay.c: 108: DELAY_ms(1000);
   376  07A6  30E8               	movlw	232
   377  07A7  00F2               	movwf	DELAY_ms@ms_count
   378  07A8  3003               	movlw	3
   379  07A9  00F3               	movwf	DELAY_ms@ms_count+1
   380  07AA  120A  118A  278E  120A  118A  	fcall	_DELAY_ms
   381                           
   382                           ;delay.c: 109: sec_count--;
   383  07AF  3001               	movlw	1
   384  07B0  02F4               	subwf	DELAY_sec@sec_count,f
   385  07B1  3000               	movlw	0
   386  07B2  1C03               	skipc
   387  07B3  03F5               	decf	DELAY_sec@sec_count+1,f
   388  07B4  02F5               	subwf	DELAY_sec@sec_count+1,f
   389  07B5  2FA2               	goto	l561
   390  07B6                     __end_of_DELAY_sec:	
   391                           
   392                           	psect	text2
   393  078E                     __ptext2:	
   394 ;; *************** function _DELAY_ms *****************
   395 ;; Defined at:
   396 ;;		line 76 in file "delay.c"
   397 ;; Parameters:    Size  Location     Type
   398 ;;  ms_count        2    2[COMMON] unsigned int 
   399 ;; Auto vars:     Size  Location     Type
   400 ;;		None
   401 ;; Return value:  Size  Location     Type
   402 ;;		None               void
   403 ;; Registers used:
   404 ;;		wreg, status,2, status,0, pclath, cstack
   405 ;; Tracked objects:
   406 ;;		On entry : 0/0
   407 ;;		On exit  : 0/0
   408 ;;		Unchanged: 0/0
   409 ;; Data sizes:     COMMON   BANK0   BANK1   BANK3   BANK2
   410 ;;      Params:         2       0       0       0       0
   411 ;;      Locals:         0       0       0       0       0
   412 ;;      Temps:          0       0       0       0       0
   413 ;;      Totals:         2       0       0       0       0
   414 ;;Total ram usage:        2 bytes
   415 ;; Hardware stack levels used:    1
   416 ;; Hardware stack levels required when called:    1
   417 ;; This function calls:
   418 ;;		_DELAY_us
   419 ;; This function is called by:
   420 ;;		_DELAY_sec
   421 ;; This function uses a non-reentrant model
   422 ;;
   423                           
   424                           
   425                           ;psect for function _DELAY_ms
   426  078E                     _DELAY_ms:	
   427  078E                     l553:	
   428                           ;delay.c: 78: while(ms_count!=0)
   429                           
   430                           ;incstack = 0
   431                           ; Regs used in _DELAY_ms: [wreg+status,2+status,0+pclath+cstack]
   432                           
   433  078E  0873               	movf	DELAY_ms@ms_count+1,w
   434  078F  0472               	iorwf	DELAY_ms@ms_count,w
   435  0790  1903               	btfsc	3,2
   436  0791  0008               	return
   437                           
   438                           ;delay.c: 79: {
   439                           ;delay.c: 80: DELAY_us(300u);
   440  0792  302C               	movlw	44
   441  0793  00F0               	movwf	DELAY_us@us_count
   442  0794  3001               	movlw	1
   443  0795  00F1               	movwf	DELAY_us@us_count+1
   444  0796  120A  118A  2762  120A  118A  	fcall	_DELAY_us
   445                           
   446                           ;delay.c: 81: ms_count--;
   447  079B  3001               	movlw	1
   448  079C  02F2               	subwf	DELAY_ms@ms_count,f
   449  079D  3000               	movlw	0
   450  079E  1C03               	skipc
   451  079F  03F3               	decf	DELAY_ms@ms_count+1,f
   452  07A0  02F3               	subwf	DELAY_ms@ms_count+1,f
   453  07A1  2F8E               	goto	l553
   454  07A2                     __end_of_DELAY_ms:	
   455                           
   456                           	psect	text3
   457  0762                     __ptext3:	
   458 ;; *************** function _DELAY_us *****************
   459 ;; Defined at:
   460 ;;		line 55 in file "delay.c"
   461 ;; Parameters:    Size  Location     Type
   462 ;;  us_count        2    0[COMMON] unsigned int 
   463 ;; Auto vars:     Size  Location     Type
   464 ;;		None
   465 ;; Return value:  Size  Location     Type
   466 ;;		None               void
   467 ;; Registers used:
   468 ;;		wreg, status,2, status,0
   469 ;; Tracked objects:
   470 ;;		On entry : 0/0
   471 ;;		On exit  : 0/0
   472 ;;		Unchanged: 0/0
   473 ;; Data sizes:     COMMON   BANK0   BANK1   BANK3   BANK2
   474 ;;      Params:         2       0       0       0       0
   475 ;;      Locals:         0       0       0       0       0
   476 ;;      Temps:          0       0       0       0       0
   477 ;;      Totals:         2       0       0       0       0
   478 ;;Total ram usage:        2 bytes
   479 ;; Hardware stack levels used:    1
   480 ;; This function calls:
   481 ;;		Nothing
   482 ;; This function is called by:
   483 ;;		_DELAY_ms
   484 ;; This function uses a non-reentrant model
   485 ;;
   486                           
   487                           
   488                           ;psect for function _DELAY_us
   489  0762                     _DELAY_us:	
   490  0762                     l545:	
   491                           ;delay.c: 57: while(us_count!=0)
   492                           
   493                           ;incstack = 0
   494                           ; Regs used in _DELAY_us: [wreg+status,2+status,0]
   495                           
   496  0762  0871               	movf	DELAY_us@us_count+1,w
   497  0763  0470               	iorwf	DELAY_us@us_count,w
   498  0764  1903               	btfsc	3,2
   499  0765  0008               	return
   500                           
   501                           ;delay.c: 58: {
   502                           ;delay.c: 59: us_count--;
   503  0766  3001               	movlw	1
   504  0767  02F0               	subwf	DELAY_us@us_count,f
   505  0768  3000               	movlw	0
   506  0769  1C03               	skipc
   507  076A  03F1               	decf	DELAY_us@us_count+1,f
   508  076B  02F1               	subwf	DELAY_us@us_count+1,f
   509  076C  2F62               	goto	l545
   510  076D                     __end_of_DELAY_us:	
   511  007E                     btemp	set	126	;btemp
   512  007E                     wtemp	set	126
   513  007E                     wtemp0	set	126
   514  0080                     wtemp1	set	128
   515  0082                     wtemp2	set	130
   516  0084                     wtemp3	set	132
   517  0086                     wtemp4	set	134
   518  0088                     wtemp5	set	136
   519  007F                     wtemp6	set	127
   520  007E                     ttemp	set	126
   521  007E                     ttemp0	set	126
   522  0081                     ttemp1	set	129
   523  0084                     ttemp2	set	132
   524  0087                     ttemp3	set	135
   525  007F                     ttemp4	set	127
   526  007E                     ltemp	set	126
   527  007E                     ltemp0	set	126
   528  0082                     ltemp1	set	130
   529  0086                     ltemp2	set	134
   530  0080                     ltemp3	set	128


Data Sizes:
    Strings     0
    Constant    0
    Data        16
    BSS         0
    Persistent  0
    Stack       0

Auto Spaces:
    Space          Size  Autos    Used
    COMMON           14     10      10
    BANK0            80     17      33
    BANK1            80      0       0
    BANK3            96      0       0
    BANK2            96      0       0

Pointer List with Targets:

    None.

Critical Paths under _main in COMMON

    _main->_DELAY_sec
    _DELAY_sec->_DELAY_ms
    _DELAY_ms->_DELAY_us

Critical Paths under _main in BANK0

    None.

Critical Paths under _main in BANK1

    None.

Critical Paths under _main in BANK3

    None.

Critical Paths under _main in BANK2

    None.

Call Graph Tables:

 ---------------------------------------------------------------------------------
 (Depth) Function   	        Calls       Base Space   Used Autos Params    Refs
 ---------------------------------------------------------------------------------
 (0) _main                                                21    21      0     321
                                              6 COMMON     4     4      0
                                              0 BANK0     17    17      0
                          _DELAY_sec
 ---------------------------------------------------------------------------------
 (1) _DELAY_sec                                            2     0      2     228
                                              4 COMMON     2     0      2
                           _DELAY_ms
 ---------------------------------------------------------------------------------
 (2) _DELAY_ms                                             2     0      2     152
                                              2 COMMON     2     0      2
                           _DELAY_us
 ---------------------------------------------------------------------------------
 (3) _DELAY_us                                             2     0      2      76
                                              0 COMMON     2     0      2
 ---------------------------------------------------------------------------------
 Estimated maximum stack depth 3
 ---------------------------------------------------------------------------------

 Call Graph Graphs:

 _main (ROOT)
   _DELAY_sec
     _DELAY_ms
       _DELAY_us

 Address spaces:
Name               Size   Autos  Total    Cost      Usage
BANK3               60      0       0       9        0.0%
BITBANK3            60      0       0       8        0.0%
SFR3                 0      0       0       4        0.0%
BITSFR3              0      0       0       4        0.0%
BANK2               60      0       0      11        0.0%
BITBANK2            60      0       0      10        0.0%
SFR2                 0      0       0       5        0.0%
BITSFR2              0      0       0       5        0.0%
BANK1               50      0       0       7        0.0%
BITBANK1            50      0       0       6        0.0%
SFR1                 0      0       0       2        0.0%
BITSFR1              0      0       0       2        0.0%
BANK0               50     11      21       5       41.3%
BITBANK0            50      0       0       4        0.0%
SFR0                 0      0       0       1        0.0%
BITSFR0              0      0       0       1        0.0%
COMMON               E      A       A       1       71.4%
BITCOMMON            E      0       0       0        0.0%
CODE                 0      0       0       0        0.0%
DATA                 0      0      2B      12        0.0%
ABS                  0      0      2B       3        0.0%
NULL                 0      0       0       0        0.0%
STACK                0      0       0       2        0.0%
EEDATA             100      0       0       0        0.0%


Microchip Technology PIC Macro Assembler V1.33 build 59893 
Symbol Table                                                                                   Sat Feb 21 09:43:05 2015

                      pc 0002              __CFG_CP$OFF 0000                       fsr 0004  
            __CFG_LVP$ON 0000       __size_of_DELAY_sec 0014                      l545 0762  
                    l553 078E                      l561 07A2                      l571 07D2  
                    u100 07BE             __CFG_CPD$OFF 0000                      fsr0 0004  
                    indf 0000       DELAY_sec@sec_count 0074             __CFG_FOSC$HS 0000  
           __CFG_WRT$OFF 0000                     _main 07B6                     btemp 007E  
                   ltemp 007E                     start 0000                     ttemp 007E  
                   wtemp 007E         __end_of_DELAY_ms 07A2         __end_of_DELAY_us 076D  
                  ?_main 0070            __CFG_WDTE$OFF 0000                    _PORTB 0006  
                  _PORTC 0007                    _TRISB 0086                    _TRISC 0087  
           main@seg_code 0020           __CFG_BOREN$OFF 0000                    pclath 000A  
                  ltemp0 007E                    ltemp1 0082                    ltemp2 0086  
                  ltemp3 0080                    ttemp0 007E                    ttemp1 0081  
                  ttemp2 0084                    ttemp3 0087                    ttemp4 007F  
                  status 0003                    wtemp0 007E                    wtemp1 0080  
                  wtemp2 0082                    wtemp3 0084                    wtemp4 0086  
                  wtemp5 0088                    wtemp6 007F        __end_of_DELAY_sec 07B6  
        __initialization 07F0             __end_of_main 07F0                   ??_main 0076  
         __CFG_PWRTE$OFF 0000         DELAY_ms@ms_count 0072                ?_DELAY_ms 0072  
              ?_DELAY_us 0070  __end_of__initialization 07FC           __pcstackCOMMON 0070  
           __pidataBANK0 076D               ??_DELAY_ms 0074               ??_DELAY_us 0072  
             __pmaintext 07B6         DELAY_us@us_count 0070                _DELAY_sec 07A2  
                __ptext1 07A2                  __ptext2 078E                  __ptext3 0762  
                main@cnt 0030     end_of_initialization 07FC               ?_DELAY_sec 0074  
      __size_of_DELAY_ms 0014        __size_of_DELAY_us 000B      start_initialization 07F0  
            ??_DELAY_sec 0076               init_fetch0 077D              __pdataBANK0 0031  
              ___latbits 0002            __pcstackBANK0 0020                 _DELAY_ms 078E  
               _DELAY_us 0762                main@F1081 0031            __size_of_main 003A  
               init_ram0 0781  
