C51 COMPILER V9.02   MAIN                                                                  01/28/2015 20:01:39 PAGE 1   


C51 COMPILER V9.02, COMPILATION OF MODULE MAIN
OBJECT MODULE PLACED IN main.OBJ
COMPILER INVOKED BY: C:\Keil\C51\BIN\C51.EXE main.c BROWSE DEBUG OBJECTEXTEND

line level    source

   1          /*-----------------------------------------------------------------------------
   2                   Program to demonstrate scrolling of message on LCD
   3            -----------------------------------------------------------------------------
   4            note:
   5            Refer lcd.h file for Pin connections
   6          ------------------------------------------------------------------------------*/
   7          
   8          
   9          #include "lcd.h"        //User defined LCD library which conatins the lcd routines
  10          
  11          
  12          
  13          /* start the main program */
  14          void main() 
  15          {
  16   1              code char msg[]={"         hello world, welcome to 8051 programming "};
  17   1      
  18   1        /* Initilize the lcd before displaying any thing on the lcd */
  19   1          LCD_Init(8,2,16);
  20   1        
  21   1         while(1)
  22   1          {
  23   2             /*scroll the message on line1 indefnitely*/ 
  24   2               LCD_ScrollMessage(1,msg);
  25   2      
  26   2                       LCD_ScrollMessage(2,"          Enjoy embedded programming ");
  27   2              
  28   2              }        
  29   1      }


MODULE INFORMATION:   STATIC OVERLAYABLE
   CODE SIZE        =     33    ----
   CONSTANT SIZE    =     89    ----
   XDATA SIZE       =   ----    ----
   PDATA SIZE       =   ----    ----
   DATA SIZE        =   ----    ----
   IDATA SIZE       =   ----    ----
   BIT SIZE         =   ----    ----
END OF MODULE INFORMATION.


C51 COMPILATION COMPLETE.  0 WARNING(S),  0 ERROR(S)
