

Microchip Technology PIC LITE Macro Assembler V1.33 build 59893 
                                                                                               Sat Feb 21 08:45:57 2015

Microchip Technology Omniscient Code Generator (Lite mode) build 59893
     1                           	processor	16F877A
     2                           	opt	pw 120
     3                           	opt	lm
     4                           	psect	text0,local,class=CODE,merge=1,delta=2
     5                           	psect	cinit,global,class=CODE,merge=1,delta=2
     6                           	psect	cstackCOMMON,global,class=COMMON,space=1,delta=1
     7                           	psect	maintext,global,class=CODE,split=1,delta=2
     8                           	psect	text1,local,class=CODE,merge=1,delta=2
     9                           	psect	text2,local,class=CODE,merge=1,delta=2
    10                           	psect	text3,local,class=CODE,merge=1,delta=2
    11                           	dabs	1,0x7E,2
    12  0000                     	;# 
    13  0001                     	;# 
    14  0002                     	;# 
    15  0003                     	;# 
    16  0004                     	;# 
    17  0005                     	;# 
    18  0006                     	;# 
    19  0007                     	;# 
    20  0008                     	;# 
    21  0009                     	;# 
    22  000A                     	;# 
    23  000B                     	;# 
    24  000C                     	;# 
    25  000D                     	;# 
    26  000E                     	;# 
    27  000E                     	;# 
    28  000F                     	;# 
    29  0010                     	;# 
    30  0011                     	;# 
    31  0012                     	;# 
    32  0013                     	;# 
    33  0014                     	;# 
    34  0015                     	;# 
    35  0015                     	;# 
    36  0016                     	;# 
    37  0017                     	;# 
    38  0018                     	;# 
    39  0019                     	;# 
    40  001A                     	;# 
    41  001B                     	;# 
    42  001B                     	;# 
    43  001C                     	;# 
    44  001D                     	;# 
    45  001E                     	;# 
    46  001F                     	;# 
    47  0081                     	;# 
    48  0085                     	;# 
    49  0086                     	;# 
    50  0087                     	;# 
    51  0088                     	;# 
    52  0089                     	;# 
    53  008C                     	;# 
    54  008D                     	;# 
    55  008E                     	;# 
    56  0091                     	;# 
    57  0092                     	;# 
    58  0093                     	;# 
    59  0094                     	;# 
    60  0098                     	;# 
    61  0099                     	;# 
    62  009C                     	;# 
    63  009D                     	;# 
    64  009E                     	;# 
    65  009F                     	;# 
    66  010C                     	;# 
    67  010D                     	;# 
    68  010E                     	;# 
    69  010F                     	;# 
    70  018C                     	;# 
    71  018D                     	;# 
    72  0005                     _PORTA	set	5
    73  0006                     _PORTB	set	6
    74  0007                     _PORTC	set	7
    75  0008                     _PORTD	set	8
    76  0009                     _PORTE	set	9
    77  0085                     _TRISA	set	133
    78  0086                     _TRISB	set	134
    79  0087                     _TRISC	set	135
    80  0088                     _TRISD	set	136
    81  0089                     _TRISE	set	137
    82                           
    83                           	psect	text0
    84  0000                     __ptext0:	
    85                           ; #config settings
    86                           
    87                           
    88                           ;psect for function _DELAY_us
    89  0000                     
    90                           	psect	cinit
    91  07FC                     start_initialization:	
    92  07FC                     __initialization:	
    93  07FC                     end_of_initialization:	
    94                           ;End of C runtime variable initialization code
    95                           
    96  07FC                     __end_of__initialization:	
    97  07FC  0183               	clrf	3
    98  07FD  120A  118A  2FCF   	ljmp	_main	;jump to C main() function
    99                           
   100                           	psect	cstackCOMMON
   101  0070                     __pcstackCOMMON:	
   102  0070                     ?_DELAY_us:	
   103  0070                     ?_main:	
   104                           ; 0 bytes @ 0x0
   105                           
   106  0070                     DELAY_us@us_count:	
   107                           ; 0 bytes @ 0x0
   108                           
   109                           
   110                           ; 2 bytes @ 0x0
   111  0070                     	ds	2
   112  0072                     ??_DELAY_us:	
   113  0072                     ?_DELAY_ms:	
   114                           ; 0 bytes @ 0x2
   115                           
   116  0072                     DELAY_ms@ms_count:	
   117                           ; 0 bytes @ 0x2
   118                           
   119                           
   120                           ; 2 bytes @ 0x2
   121  0072                     	ds	2
   122  0074                     ??_DELAY_ms:	
   123  0074                     ?_DELAY_sec:	
   124                           ; 0 bytes @ 0x4
   125                           
   126  0074                     DELAY_sec@sec_count:	
   127                           ; 0 bytes @ 0x4
   128                           
   129                           
   130                           ; 2 bytes @ 0x4
   131  0074                     	ds	2
   132  0076                     ??_DELAY_sec:	
   133  0076                     ??_main:	
   134                           ; 0 bytes @ 0x6
   135                           
   136                           
   137                           	psect	maintext
   138  07CF                     __pmaintext:	
   139                           ; 0 bytes @ 0x6
   140 ;;
   141 ;;Main: autosize = 0, tempsize = 0, incstack = 0, save=0
   142 ;;
   143 ;; *************** function _main *****************
   144 ;; Defined at:
   145 ;;		line 19 in file "main.c"
   146 ;; Parameters:    Size  Location     Type
   147 ;;		None
   148 ;; Auto vars:     Size  Location     Type
   149 ;;		None
   150 ;; Return value:  Size  Location     Type
   151 ;;		None               void
   152 ;; Registers used:
   153 ;;		wreg, status,2, status,0, pclath, cstack
   154 ;; Tracked objects:
   155 ;;		On entry : 17F/0
   156 ;;		On exit  : 0/0
   157 ;;		Unchanged: 0/0
   158 ;; Data sizes:     COMMON   BANK0   BANK1   BANK3   BANK2
   159 ;;      Params:         0       0       0       0       0
   160 ;;      Locals:         0       0       0       0       0
   161 ;;      Temps:          0       0       0       0       0
   162 ;;      Totals:         0       0       0       0       0
   163 ;;Total ram usage:        0 bytes
   164 ;; Hardware stack levels required when called:    3
   165 ;; This function calls:
   166 ;;		_DELAY_sec
   167 ;; This function is called by:
   168 ;;		Startup code after reset
   169 ;; This function uses a non-reentrant model
   170 ;;
   171                           
   172                           
   173                           ;psect for function _main
   174  07CF                     _main:	
   175                           
   176                           ;main.c: 22: TRISA=0x00;
   177                           
   178                           ;incstack = 0
   179                           ; Regs used in _main: [wreg+status,2+status,0+pclath+cstack]
   180  07CF  1683               	bsf	3,5	;RP0=1, select bank1
   181  07D0  1303               	bcf	3,6	;RP1=0, select bank1
   182  07D1  0185               	clrf	5	;volatile
   183                           
   184                           ;main.c: 23: TRISB=0x00;
   185  07D2  0186               	clrf	6	;volatile
   186                           
   187                           ;main.c: 24: TRISC=0x00;
   188  07D3  0187               	clrf	7	;volatile
   189                           
   190                           ;main.c: 25: TRISD=0x00;
   191  07D4  0188               	clrf	8	;volatile
   192                           
   193                           ;main.c: 26: TRISE=0x00;
   194  07D5  0189               	clrf	9	;volatile
   195  07D6                     l527:	
   196                           ;main.c: 28: while(1)
   197                           
   198                           
   199                           ;main.c: 29: {
   200                           ;main.c: 32: PORTA=0xFF;
   201  07D6  30FF               	movlw	255
   202  07D7  1283               	bcf	3,5	;RP0=0, select bank0
   203  07D8  1303               	bcf	3,6	;RP1=0, select bank0
   204  07D9  0085               	movwf	5	;volatile
   205                           
   206                           ;main.c: 33: PORTB=0xFF;
   207  07DA  30FF               	movlw	255
   208  07DB  0086               	movwf	6	;volatile
   209                           
   210                           ;main.c: 34: PORTC=0xFF;
   211  07DC  30FF               	movlw	255
   212  07DD  0087               	movwf	7	;volatile
   213                           
   214                           ;main.c: 35: PORTD=0xFF;
   215  07DE  30FF               	movlw	255
   216  07DF  0088               	movwf	8	;volatile
   217                           
   218                           ;main.c: 36: PORTE=0xFF;
   219  07E0  30FF               	movlw	255
   220  07E1  0089               	movwf	9	;volatile
   221                           
   222                           ;main.c: 38: DELAY_sec(1);
   223  07E2  3001               	movlw	1
   224  07E3  00F4               	movwf	DELAY_sec@sec_count
   225  07E4  3000               	movlw	0
   226  07E5  00F5               	movwf	DELAY_sec@sec_count+1
   227  07E6  120A  118A  27BB  120A  118A  	fcall	_DELAY_sec
   228                           
   229                           ;main.c: 42: PORTA=0x00;
   230  07EB  1283               	bcf	3,5	;RP0=0, select bank0
   231  07EC  1303               	bcf	3,6	;RP1=0, select bank0
   232  07ED  0185               	clrf	5	;volatile
   233                           
   234                           ;main.c: 43: PORTB=0x00;
   235  07EE  0186               	clrf	6	;volatile
   236                           
   237                           ;main.c: 44: PORTC=0x00;
   238  07EF  0187               	clrf	7	;volatile
   239                           
   240                           ;main.c: 45: PORTD=0x00;
   241  07F0  0188               	clrf	8	;volatile
   242                           
   243                           ;main.c: 46: PORTE=0x00;
   244  07F1  0189               	clrf	9	;volatile
   245                           
   246                           ;main.c: 48: DELAY_sec(1);
   247  07F2  3001               	movlw	1
   248  07F3  00F4               	movwf	DELAY_sec@sec_count
   249  07F4  3000               	movlw	0
   250  07F5  00F5               	movwf	DELAY_sec@sec_count+1
   251  07F6  120A  118A  27BB  120A  118A  	fcall	_DELAY_sec
   252  07FB  2FD6               	goto	l527
   253  07FC                     __end_of_main:	
   254                           
   255                           	psect	text1
   256  07BB                     __ptext1:	
   257 ;; *************** function _DELAY_sec *****************
   258 ;; Defined at:
   259 ;;		line 102 in file "delay.c"
   260 ;; Parameters:    Size  Location     Type
   261 ;;  sec_count       2    4[COMMON] unsigned int 
   262 ;; Auto vars:     Size  Location     Type
   263 ;;		None
   264 ;; Return value:  Size  Location     Type
   265 ;;		None               void
   266 ;; Registers used:
   267 ;;		wreg, status,2, status,0, pclath, cstack
   268 ;; Tracked objects:
   269 ;;		On entry : 0/0
   270 ;;		On exit  : 0/0
   271 ;;		Unchanged: 0/0
   272 ;; Data sizes:     COMMON   BANK0   BANK1   BANK3   BANK2
   273 ;;      Params:         2       0       0       0       0
   274 ;;      Locals:         0       0       0       0       0
   275 ;;      Temps:          0       0       0       0       0
   276 ;;      Totals:         2       0       0       0       0
   277 ;;Total ram usage:        2 bytes
   278 ;; Hardware stack levels used:    1
   279 ;; Hardware stack levels required when called:    2
   280 ;; This function calls:
   281 ;;		_DELAY_ms
   282 ;; This function is called by:
   283 ;;		_main
   284 ;; This function uses a non-reentrant model
   285 ;;
   286                           
   287                           
   288                           ;psect for function _DELAY_sec
   289  07BB                     _DELAY_sec:	
   290  07BB                     l523:	
   291                           ;delay.c: 106: while(sec_count!=0)
   292                           
   293                           ;incstack = 0
   294                           ; Regs used in _DELAY_sec: [wreg+status,2+status,0+pclath+cstack]
   295                           
   296  07BB  0875               	movf	DELAY_sec@sec_count+1,w
   297  07BC  0474               	iorwf	DELAY_sec@sec_count,w
   298  07BD  1903               	btfsc	3,2
   299  07BE  0008               	return
   300                           
   301                           ;delay.c: 107: {
   302                           ;delay.c: 108: DELAY_ms(1000);
   303  07BF  30E8               	movlw	232
   304  07C0  00F2               	movwf	DELAY_ms@ms_count
   305  07C1  3003               	movlw	3
   306  07C2  00F3               	movwf	DELAY_ms@ms_count+1
   307  07C3  120A  118A  27A7  120A  118A  	fcall	_DELAY_ms
   308                           
   309                           ;delay.c: 109: sec_count--;
   310  07C8  3001               	movlw	1
   311  07C9  02F4               	subwf	DELAY_sec@sec_count,f
   312  07CA  3000               	movlw	0
   313  07CB  1C03               	skipc
   314  07CC  03F5               	decf	DELAY_sec@sec_count+1,f
   315  07CD  02F5               	subwf	DELAY_sec@sec_count+1,f
   316  07CE  2FBB               	goto	l523
   317  07CF                     __end_of_DELAY_sec:	
   318                           
   319                           	psect	text2
   320  07A7                     __ptext2:	
   321 ;; *************** function _DELAY_ms *****************
   322 ;; Defined at:
   323 ;;		line 76 in file "delay.c"
   324 ;; Parameters:    Size  Location     Type
   325 ;;  ms_count        2    2[COMMON] unsigned int 
   326 ;; Auto vars:     Size  Location     Type
   327 ;;		None
   328 ;; Return value:  Size  Location     Type
   329 ;;		None               void
   330 ;; Registers used:
   331 ;;		wreg, status,2, status,0, pclath, cstack
   332 ;; Tracked objects:
   333 ;;		On entry : 0/0
   334 ;;		On exit  : 0/0
   335 ;;		Unchanged: 0/0
   336 ;; Data sizes:     COMMON   BANK0   BANK1   BANK3   BANK2
   337 ;;      Params:         2       0       0       0       0
   338 ;;      Locals:         0       0       0       0       0
   339 ;;      Temps:          0       0       0       0       0
   340 ;;      Totals:         2       0       0       0       0
   341 ;;Total ram usage:        2 bytes
   342 ;; Hardware stack levels used:    1
   343 ;; Hardware stack levels required when called:    1
   344 ;; This function calls:
   345 ;;		_DELAY_us
   346 ;; This function is called by:
   347 ;;		_DELAY_sec
   348 ;; This function uses a non-reentrant model
   349 ;;
   350                           
   351                           
   352                           ;psect for function _DELAY_ms
   353  07A7                     _DELAY_ms:	
   354  07A7                     l515:	
   355                           ;delay.c: 78: while(ms_count!=0)
   356                           
   357                           ;incstack = 0
   358                           ; Regs used in _DELAY_ms: [wreg+status,2+status,0+pclath+cstack]
   359                           
   360  07A7  0873               	movf	DELAY_ms@ms_count+1,w
   361  07A8  0472               	iorwf	DELAY_ms@ms_count,w
   362  07A9  1903               	btfsc	3,2
   363  07AA  0008               	return
   364                           
   365                           ;delay.c: 79: {
   366                           ;delay.c: 80: DELAY_us(300u);
   367  07AB  302C               	movlw	44
   368  07AC  00F0               	movwf	DELAY_us@us_count
   369  07AD  3001               	movlw	1
   370  07AE  00F1               	movwf	DELAY_us@us_count+1
   371  07AF  120A  118A  279C  120A  118A  	fcall	_DELAY_us
   372                           
   373                           ;delay.c: 81: ms_count--;
   374  07B4  3001               	movlw	1
   375  07B5  02F2               	subwf	DELAY_ms@ms_count,f
   376  07B6  3000               	movlw	0
   377  07B7  1C03               	skipc
   378  07B8  03F3               	decf	DELAY_ms@ms_count+1,f
   379  07B9  02F3               	subwf	DELAY_ms@ms_count+1,f
   380  07BA  2FA7               	goto	l515
   381  07BB                     __end_of_DELAY_ms:	
   382                           
   383                           	psect	text3
   384  079C                     __ptext3:	
   385 ;; *************** function _DELAY_us *****************
   386 ;; Defined at:
   387 ;;		line 55 in file "delay.c"
   388 ;; Parameters:    Size  Location     Type
   389 ;;  us_count        2    0[COMMON] unsigned int 
   390 ;; Auto vars:     Size  Location     Type
   391 ;;		None
   392 ;; Return value:  Size  Location     Type
   393 ;;		None               void
   394 ;; Registers used:
   395 ;;		wreg, status,2, status,0
   396 ;; Tracked objects:
   397 ;;		On entry : 0/0
   398 ;;		On exit  : 0/0
   399 ;;		Unchanged: 0/0
   400 ;; Data sizes:     COMMON   BANK0   BANK1   BANK3   BANK2
   401 ;;      Params:         2       0       0       0       0
   402 ;;      Locals:         0       0       0       0       0
   403 ;;      Temps:          0       0       0       0       0
   404 ;;      Totals:         2       0       0       0       0
   405 ;;Total ram usage:        2 bytes
   406 ;; Hardware stack levels used:    1
   407 ;; This function calls:
   408 ;;		Nothing
   409 ;; This function is called by:
   410 ;;		_DELAY_ms
   411 ;; This function uses a non-reentrant model
   412 ;;
   413                           
   414                           
   415                           ;psect for function _DELAY_us
   416  079C                     _DELAY_us:	
   417  079C                     l507:	
   418                           ;delay.c: 57: while(us_count!=0)
   419                           
   420                           ;incstack = 0
   421                           ; Regs used in _DELAY_us: [wreg+status,2+status,0]
   422                           
   423  079C  0871               	movf	DELAY_us@us_count+1,w
   424  079D  0470               	iorwf	DELAY_us@us_count,w
   425  079E  1903               	btfsc	3,2
   426  079F  0008               	return
   427                           
   428                           ;delay.c: 58: {
   429                           ;delay.c: 59: us_count--;
   430  07A0  3001               	movlw	1
   431  07A1  02F0               	subwf	DELAY_us@us_count,f
   432  07A2  3000               	movlw	0
   433  07A3  1C03               	skipc
   434  07A4  03F1               	decf	DELAY_us@us_count+1,f
   435  07A5  02F1               	subwf	DELAY_us@us_count+1,f
   436  07A6  2F9C               	goto	l507
   437  07A7                     __end_of_DELAY_us:	
   438  007E                     btemp	set	126	;btemp
   439  007E                     wtemp	set	126
   440  007E                     wtemp0	set	126
   441  0080                     wtemp1	set	128
   442  0082                     wtemp2	set	130
   443  0084                     wtemp3	set	132
   444  0086                     wtemp4	set	134
   445  0088                     wtemp5	set	136
   446  007F                     wtemp6	set	127
   447  007E                     ttemp	set	126
   448  007E                     ttemp0	set	126
   449  0081                     ttemp1	set	129
   450  0084                     ttemp2	set	132
   451  0087                     ttemp3	set	135
   452  007F                     ttemp4	set	127
   453  007E                     ltemp	set	126
   454  007E                     ltemp0	set	126
   455  0082                     ltemp1	set	130
   456  0086                     ltemp2	set	134
   457  0080                     ltemp3	set	128


Data Sizes:
    Strings     0
    Constant    0
    Data        0
    BSS         0
    Persistent  0
    Stack       0

Auto Spaces:
    Space          Size  Autos    Used
    COMMON           14      6       6
    BANK0            80      0       0
    BANK1            80      0       0
    BANK3            96      0       0
    BANK2            96      0       0

Pointer List with Targets:

    None.

Critical Paths under _main in COMMON

    _main->_DELAY_sec
    _DELAY_sec->_DELAY_ms
    _DELAY_ms->_DELAY_us

Critical Paths under _main in BANK0

    None.

Critical Paths under _main in BANK1

    None.

Critical Paths under _main in BANK3

    None.

Critical Paths under _main in BANK2

    None.

Call Graph Tables:

 ---------------------------------------------------------------------------------
 (Depth) Function   	        Calls       Base Space   Used Autos Params    Refs
 ---------------------------------------------------------------------------------
 (0) _main                                                 0     0      0     217
                          _DELAY_sec
 ---------------------------------------------------------------------------------
 (1) _DELAY_sec                                            2     0      2     217
                                              4 COMMON     2     0      2
                           _DELAY_ms
 ---------------------------------------------------------------------------------
 (2) _DELAY_ms                                             2     0      2     116
                                              2 COMMON     2     0      2
                           _DELAY_us
 ---------------------------------------------------------------------------------
 (3) _DELAY_us                                             2     0      2      58
                                              0 COMMON     2     0      2
 ---------------------------------------------------------------------------------
 Estimated maximum stack depth 3
 ---------------------------------------------------------------------------------

 Call Graph Graphs:

 _main (ROOT)
   _DELAY_sec
     _DELAY_ms
       _DELAY_us

 Address spaces:
Name               Size   Autos  Total    Cost      Usage
BITCOMMON            E      0       0       0        0.0%
EEDATA             100      0       0       0        0.0%
NULL                 0      0       0       0        0.0%
CODE                 0      0       0       0        0.0%
COMMON               E      6       6       1       42.9%
BITSFR0              0      0       0       1        0.0%
SFR0                 0      0       0       1        0.0%
BITSFR1              0      0       0       2        0.0%
SFR1                 0      0       0       2        0.0%
STACK                0      0       0       2        0.0%
ABS                  0      0       0       3        0.0%
BITBANK0            50      0       0       4        0.0%
BITSFR3              0      0       0       4        0.0%
SFR3                 0      0       0       4        0.0%
BANK0               50      0       0       5        0.0%
BITSFR2              0      0       0       5        0.0%
SFR2                 0      0       0       5        0.0%
BITBANK1            50      0       0       6        0.0%
BANK1               50      0       0       7        0.0%
BITBANK3            60      0       0       8        0.0%
BANK3               60      0       0       9        0.0%
BITBANK2            60      0       0      10        0.0%
BANK2               60      0       0      11        0.0%
DATA                 0      0       0      12        0.0%


Microchip Technology PIC Macro Assembler V1.33 build 59893 
Symbol Table                                                                                   Sat Feb 21 08:45:57 2015

            __CFG_CP$OFF 0000              __CFG_LVP$ON 0000       __size_of_DELAY_sec 0014  
                    l507 079C                      l515 07A7                      l523 07BB  
                    l527 07D6             __CFG_CPD$OFF 0000       DELAY_sec@sec_count 0074  
           __CFG_FOSC$HS 0000             __CFG_WRT$OFF 0000                     _main 07CF  
                   btemp 007E                     ltemp 007E                     start 0000  
                   ttemp 007E                     wtemp 007E         __end_of_DELAY_ms 07BB  
       __end_of_DELAY_us 07A7                    ?_main 0070            __CFG_WDTE$OFF 0000  
                  _PORTA 0005                    _PORTB 0006                    _PORTC 0007  
                  _PORTD 0008                    _PORTE 0009                    _TRISA 0085  
                  _TRISB 0086                    _TRISC 0087                    _TRISD 0088  
                  _TRISE 0089           __CFG_BOREN$OFF 0000                    ltemp0 007E  
                  ltemp1 0082                    ltemp2 0086                    ltemp3 0080  
                  ttemp0 007E                    ttemp1 0081                    ttemp2 0084  
                  ttemp3 0087                    ttemp4 007F                    status 0003  
                  wtemp0 007E                    wtemp1 0080                    wtemp2 0082  
                  wtemp3 0084                    wtemp4 0086                    wtemp5 0088  
                  wtemp6 007F        __end_of_DELAY_sec 07CF          __initialization 07FC  
           __end_of_main 07FC                   ??_main 0076           __CFG_PWRTE$OFF 0000  
       DELAY_ms@ms_count 0072                ?_DELAY_ms 0072                ?_DELAY_us 0070  
__end_of__initialization 07FC           __pcstackCOMMON 0070               ??_DELAY_ms 0074  
             ??_DELAY_us 0072               __pmaintext 07CF         DELAY_us@us_count 0070  
              _DELAY_sec 07BB                  __ptext0 0000                  __ptext1 07BB  
                __ptext2 07A7                  __ptext3 079C     end_of_initialization 07FC  
             ?_DELAY_sec 0074        __size_of_DELAY_ms 0014        __size_of_DELAY_us 000B  
    start_initialization 07FC              ??_DELAY_sec 0076                ___latbits 0002  
               _DELAY_ms 07A7                 _DELAY_us 079C            __size_of_main 002D  
