C51 COMPILER V9.02   MAIN                                                                  02/21/2015 10:42:14 PAGE 1   


C51 COMPILER V9.02, COMPILATION OF MODULE MAIN
OBJECT MODULE PLACED IN main.OBJ
COMPILER INVOKED BY: C:\Keil\C51\BIN\C51.EXE main.c BROWSE DEBUG OBJECTEXTEND

line level    source

   1          /*-----------------------------------------------------------------------------
   2             Program to demonstrate Hex counter on signle SevenSegment(CommonAnode) display
   3            -----------------------------------------------------------------------------
   4            note:
   5          Code is for CommonAnode type of segment, seg_code[] must be complemented for CommonCathode
   6          ------------------------------------------------------------------------------*/
   7          
   8                                                                                                                                                  
   9          /* Reg51.h contains the defnition of all ports and SFRs */
  10          #include <reg51.h> 
  11          
  12          #include "delay.h"      //User defined delay library which conatins the delay routines
  13          
  14          #define SegmentValue P0
  15          #define SegmentSelection P1
  16          
  17          #define SegOne   0x01
  18          #define SegTwo   0x02
  19          #define SegThree 0x04
  20          #define SegFour  0x08
  21          
  22          /* start the main program */
  23          void main() 
  24          {
  25   1         unsigned char seg_code[]={0x3f,0x06,0x5b,0x4f,0x66,0x6d,0x7d,0x07,0x7f,0x6f,0x77,0x7c,0x39,0x5e,0x79,0x
             -71};
  26   1         unsigned char cnt=0;
  27   1      
  28   1                                                                                                
  29   1       
  30   1         while(1)
  31   1          {
  32   2                 
  33   2                  for(cnt=0x00;cnt<=0x0f;cnt++)        // loop to display 0-F
  34   2                       {
  35   3                              SegmentSelection = SegOne;       // Select the segment
  36   3                              SegmentValue= seg_code[cnt];     // Send the segment_code of number to be displayed
  37   3                              DELAY_sec(1);
  38   3                         }
  39   2      
  40   2                }                                                                                               
  41   1      
  42   1        }                                                                             


MODULE INFORMATION:   STATIC OVERLAYABLE
   CODE SIZE        =     54    ----
   CONSTANT SIZE    =     16    ----
   XDATA SIZE       =   ----    ----
   PDATA SIZE       =   ----    ----
   DATA SIZE        =   ----      17
   IDATA SIZE       =   ----    ----
   BIT SIZE         =   ----    ----
END OF MODULE INFORMATION.


C51 COMPILATION COMPLETE.  0 WARNING(S),  0 ERROR(S)
