

Microchip Technology PIC LITE Macro Assembler V1.33 build 59893 
                                                                                               Sat Feb 21 08:56:08 2015

Microchip Technology Omniscient Code Generator (Lite mode) build 59893
     1                           	processor	16F877A
     2                           	opt	pw 120
     3                           	opt	lm
     4                           	psect	text0,local,class=CODE,merge=1,delta=2
     5                           	psect	cinit,global,class=CODE,merge=1,delta=2
     6                           	psect	cstackCOMMON,global,class=COMMON,space=1,delta=1
     7                           	psect	maintext,global,class=CODE,split=1,delta=2
     8                           	psect	text1,local,class=CODE,merge=1,delta=2
     9                           	psect	text2,local,class=CODE,merge=1,delta=2
    10                           	psect	text3,local,class=CODE,merge=1,delta=2
    11                           	dabs	1,0x7E,2
    12  0000                     	;# 
    13  0001                     	;# 
    14  0002                     	;# 
    15  0003                     	;# 
    16  0004                     	;# 
    17  0005                     	;# 
    18  0006                     	;# 
    19  0007                     	;# 
    20  0008                     	;# 
    21  0009                     	;# 
    22  000A                     	;# 
    23  000B                     	;# 
    24  000C                     	;# 
    25  000D                     	;# 
    26  000E                     	;# 
    27  000E                     	;# 
    28  000F                     	;# 
    29  0010                     	;# 
    30  0011                     	;# 
    31  0012                     	;# 
    32  0013                     	;# 
    33  0014                     	;# 
    34  0015                     	;# 
    35  0015                     	;# 
    36  0016                     	;# 
    37  0017                     	;# 
    38  0018                     	;# 
    39  0019                     	;# 
    40  001A                     	;# 
    41  001B                     	;# 
    42  001B                     	;# 
    43  001C                     	;# 
    44  001D                     	;# 
    45  001E                     	;# 
    46  001F                     	;# 
    47  0081                     	;# 
    48  0085                     	;# 
    49  0086                     	;# 
    50  0087                     	;# 
    51  0088                     	;# 
    52  0089                     	;# 
    53  008C                     	;# 
    54  008D                     	;# 
    55  008E                     	;# 
    56  0091                     	;# 
    57  0092                     	;# 
    58  0093                     	;# 
    59  0094                     	;# 
    60  0098                     	;# 
    61  0099                     	;# 
    62  009C                     	;# 
    63  009D                     	;# 
    64  009E                     	;# 
    65  009F                     	;# 
    66  010C                     	;# 
    67  010D                     	;# 
    68  010E                     	;# 
    69  010F                     	;# 
    70  018C                     	;# 
    71  018D                     	;# 
    72  0005                     _PORTA	set	5
    73  0006                     _PORTB	set	6
    74  0007                     _PORTC	set	7
    75  0008                     _PORTD	set	8
    76  0009                     _PORTE	set	9
    77  0085                     _TRISA	set	133
    78  0086                     _TRISB	set	134
    79  0087                     _TRISC	set	135
    80  0088                     _TRISD	set	136
    81  0089                     _TRISE	set	137
    82                           
    83                           	psect	text0
    84  0000                     __ptext0:	
    85                           ; #config settings
    86                           
    87                           
    88                           ;psect for function _DELAY_us
    89  0000                     
    90                           	psect	cinit
    91  07FC                     start_initialization:	
    92  07FC                     __initialization:	
    93  07FC                     end_of_initialization:	
    94                           ;End of C runtime variable initialization code
    95                           
    96  07FC                     __end_of__initialization:	
    97  07FC  0183               	clrf	3
    98  07FD  120A  118A  2FDA   	ljmp	_main	;jump to C main() function
    99                           
   100                           	psect	cstackCOMMON
   101  0070                     __pcstackCOMMON:	
   102  0070                     ?_DELAY_us:	
   103  0070                     ?_main:	
   104                           ; 0 bytes @ 0x0
   105                           
   106  0070                     DELAY_us@us_count:	
   107                           ; 0 bytes @ 0x0
   108                           
   109                           
   110                           ; 2 bytes @ 0x0
   111  0070                     	ds	2
   112  0072                     ??_DELAY_us:	
   113  0072                     ?_DELAY_ms:	
   114                           ; 0 bytes @ 0x2
   115                           
   116  0072                     DELAY_ms@ms_count:	
   117                           ; 0 bytes @ 0x2
   118                           
   119                           
   120                           ; 2 bytes @ 0x2
   121  0072                     	ds	2
   122  0074                     ??_DELAY_ms:	
   123  0074                     ?_DELAY_sec:	
   124                           ; 0 bytes @ 0x4
   125                           
   126  0074                     DELAY_sec@sec_count:	
   127                           ; 0 bytes @ 0x4
   128                           
   129                           
   130                           ; 2 bytes @ 0x4
   131  0074                     	ds	2
   132  0076                     ??_DELAY_sec:	
   133  0076                     ??_main:	
   134                           ; 0 bytes @ 0x6
   135                           
   136                           
   137                           ; 0 bytes @ 0x6
   138  0076                     	ds	1
   139  0077                     main@cnt:	
   140                           
   141                           ; 1 bytes @ 0x7
   142  0077                     	ds	1
   143                           
   144                           	psect	maintext
   145  07DA                     __pmaintext:	
   146 ;;
   147 ;;Main: autosize = 0, tempsize = 1, incstack = 0, save=0
   148 ;;
   149 ;; *************** function _main *****************
   150 ;; Defined at:
   151 ;;		line 20 in file "main.c"
   152 ;; Parameters:    Size  Location     Type
   153 ;;		None
   154 ;; Auto vars:     Size  Location     Type
   155 ;;  cnt             1    7[COMMON] unsigned char 
   156 ;; Return value:  Size  Location     Type
   157 ;;		None               void
   158 ;; Registers used:
   159 ;;		wreg, status,2, status,0, pclath, cstack
   160 ;; Tracked objects:
   161 ;;		On entry : 17F/0
   162 ;;		On exit  : 0/0
   163 ;;		Unchanged: 0/0
   164 ;; Data sizes:     COMMON   BANK0   BANK1   BANK3   BANK2
   165 ;;      Params:         0       0       0       0       0
   166 ;;      Locals:         1       0       0       0       0
   167 ;;      Temps:          1       0       0       0       0
   168 ;;      Totals:         2       0       0       0       0
   169 ;;Total ram usage:        2 bytes
   170 ;; Hardware stack levels required when called:    3
   171 ;; This function calls:
   172 ;;		_DELAY_sec
   173 ;; This function is called by:
   174 ;;		Startup code after reset
   175 ;; This function uses a non-reentrant model
   176 ;;
   177                           
   178                           
   179                           ;psect for function _main
   180  07DA                     _main:	
   181                           
   182                           ;main.c: 22: unsigned char cnt=0;
   183                           
   184                           ;incstack = 0
   185                           ; Regs used in _main: [wreg+status,2+status,0+pclath+cstack]
   186  07DA  01F7               	clrf	main@cnt
   187                           
   188                           ;main.c: 24: TRISA=0x00;
   189  07DB  1683               	bsf	3,5	;RP0=1, select bank1
   190  07DC  1303               	bcf	3,6	;RP1=0, select bank1
   191  07DD  0185               	clrf	5	;volatile
   192                           
   193                           ;main.c: 25: TRISB=0x00;
   194  07DE  0186               	clrf	6	;volatile
   195                           
   196                           ;main.c: 26: TRISC=0x00;
   197  07DF  0187               	clrf	7	;volatile
   198                           
   199                           ;main.c: 27: TRISD=0x00;
   200  07E0  0188               	clrf	8	;volatile
   201                           
   202                           ;main.c: 28: TRISE=0x00;
   203  07E1  0189               	clrf	9	;volatile
   204  07E2                     l527:	
   205                           ;main.c: 29: while(1)
   206                           
   207                           
   208                           ;main.c: 30: {
   209                           ;main.c: 33: PORTA=cnt;
   210  07E2  0877               	movf	main@cnt,w
   211  07E3  1283               	bcf	3,5	;RP0=0, select bank0
   212  07E4  1303               	bcf	3,6	;RP1=0, select bank0
   213  07E5  0085               	movwf	5	;volatile
   214                           
   215                           ;main.c: 34: PORTB=cnt;
   216  07E6  0877               	movf	main@cnt,w
   217  07E7  0086               	movwf	6	;volatile
   218                           
   219                           ;main.c: 35: PORTC=cnt;
   220  07E8  0877               	movf	main@cnt,w
   221  07E9  0087               	movwf	7	;volatile
   222                           
   223                           ;main.c: 36: PORTD=cnt;
   224  07EA  0877               	movf	main@cnt,w
   225  07EB  0088               	movwf	8	;volatile
   226                           
   227                           ;main.c: 37: PORTE=cnt;
   228  07EC  0877               	movf	main@cnt,w
   229  07ED  0089               	movwf	9	;volatile
   230                           
   231                           ;main.c: 40: DELAY_sec(1);
   232  07EE  3001               	movlw	1
   233  07EF  00F4               	movwf	DELAY_sec@sec_count
   234  07F0  3000               	movlw	0
   235  07F1  00F5               	movwf	DELAY_sec@sec_count+1
   236  07F2  120A  118A  27C6  120A  118A  	fcall	_DELAY_sec
   237                           
   238                           ;main.c: 41: cnt++;
   239  07F7  3001               	movlw	1
   240  07F8  00F6               	movwf	??_main
   241  07F9  0876               	movf	??_main,w
   242  07FA  07F7               	addwf	main@cnt,f
   243  07FB  2FE2               	goto	l527
   244  07FC                     __end_of_main:	
   245                           
   246                           	psect	text1
   247  07C6                     __ptext1:	
   248 ;; *************** function _DELAY_sec *****************
   249 ;; Defined at:
   250 ;;		line 102 in file "delay.c"
   251 ;; Parameters:    Size  Location     Type
   252 ;;  sec_count       2    4[COMMON] unsigned int 
   253 ;; Auto vars:     Size  Location     Type
   254 ;;		None
   255 ;; Return value:  Size  Location     Type
   256 ;;		None               void
   257 ;; Registers used:
   258 ;;		wreg, status,2, status,0, pclath, cstack
   259 ;; Tracked objects:
   260 ;;		On entry : 0/0
   261 ;;		On exit  : 0/0
   262 ;;		Unchanged: 0/0
   263 ;; Data sizes:     COMMON   BANK0   BANK1   BANK3   BANK2
   264 ;;      Params:         2       0       0       0       0
   265 ;;      Locals:         0       0       0       0       0
   266 ;;      Temps:          0       0       0       0       0
   267 ;;      Totals:         2       0       0       0       0
   268 ;;Total ram usage:        2 bytes
   269 ;; Hardware stack levels used:    1
   270 ;; Hardware stack levels required when called:    2
   271 ;; This function calls:
   272 ;;		_DELAY_ms
   273 ;; This function is called by:
   274 ;;		_main
   275 ;; This function uses a non-reentrant model
   276 ;;
   277                           
   278                           
   279                           ;psect for function _DELAY_sec
   280  07C6                     _DELAY_sec:	
   281  07C6                     l523:	
   282                           ;delay.c: 106: while(sec_count!=0)
   283                           
   284                           ;incstack = 0
   285                           ; Regs used in _DELAY_sec: [wreg+status,2+status,0+pclath+cstack]
   286                           
   287  07C6  0875               	movf	DELAY_sec@sec_count+1,w
   288  07C7  0474               	iorwf	DELAY_sec@sec_count,w
   289  07C8  1903               	btfsc	3,2
   290  07C9  0008               	return
   291                           
   292                           ;delay.c: 107: {
   293                           ;delay.c: 108: DELAY_ms(1000);
   294  07CA  30E8               	movlw	232
   295  07CB  00F2               	movwf	DELAY_ms@ms_count
   296  07CC  3003               	movlw	3
   297  07CD  00F3               	movwf	DELAY_ms@ms_count+1
   298  07CE  120A  118A  27B2  120A  118A  	fcall	_DELAY_ms
   299                           
   300                           ;delay.c: 109: sec_count--;
   301  07D3  3001               	movlw	1
   302  07D4  02F4               	subwf	DELAY_sec@sec_count,f
   303  07D5  3000               	movlw	0
   304  07D6  1C03               	skipc
   305  07D7  03F5               	decf	DELAY_sec@sec_count+1,f
   306  07D8  02F5               	subwf	DELAY_sec@sec_count+1,f
   307  07D9  2FC6               	goto	l523
   308  07DA                     __end_of_DELAY_sec:	
   309                           
   310                           	psect	text2
   311  07B2                     __ptext2:	
   312 ;; *************** function _DELAY_ms *****************
   313 ;; Defined at:
   314 ;;		line 76 in file "delay.c"
   315 ;; Parameters:    Size  Location     Type
   316 ;;  ms_count        2    2[COMMON] unsigned int 
   317 ;; Auto vars:     Size  Location     Type
   318 ;;		None
   319 ;; Return value:  Size  Location     Type
   320 ;;		None               void
   321 ;; Registers used:
   322 ;;		wreg, status,2, status,0, pclath, cstack
   323 ;; Tracked objects:
   324 ;;		On entry : 0/0
   325 ;;		On exit  : 0/0
   326 ;;		Unchanged: 0/0
   327 ;; Data sizes:     COMMON   BANK0   BANK1   BANK3   BANK2
   328 ;;      Params:         2       0       0       0       0
   329 ;;      Locals:         0       0       0       0       0
   330 ;;      Temps:          0       0       0       0       0
   331 ;;      Totals:         2       0       0       0       0
   332 ;;Total ram usage:        2 bytes
   333 ;; Hardware stack levels used:    1
   334 ;; Hardware stack levels required when called:    1
   335 ;; This function calls:
   336 ;;		_DELAY_us
   337 ;; This function is called by:
   338 ;;		_DELAY_sec
   339 ;; This function uses a non-reentrant model
   340 ;;
   341                           
   342                           
   343                           ;psect for function _DELAY_ms
   344  07B2                     _DELAY_ms:	
   345  07B2                     l515:	
   346                           ;delay.c: 78: while(ms_count!=0)
   347                           
   348                           ;incstack = 0
   349                           ; Regs used in _DELAY_ms: [wreg+status,2+status,0+pclath+cstack]
   350                           
   351  07B2  0873               	movf	DELAY_ms@ms_count+1,w
   352  07B3  0472               	iorwf	DELAY_ms@ms_count,w
   353  07B4  1903               	btfsc	3,2
   354  07B5  0008               	return
   355                           
   356                           ;delay.c: 79: {
   357                           ;delay.c: 80: DELAY_us(300u);
   358  07B6  302C               	movlw	44
   359  07B7  00F0               	movwf	DELAY_us@us_count
   360  07B8  3001               	movlw	1
   361  07B9  00F1               	movwf	DELAY_us@us_count+1
   362  07BA  120A  118A  27A7  120A  118A  	fcall	_DELAY_us
   363                           
   364                           ;delay.c: 81: ms_count--;
   365  07BF  3001               	movlw	1
   366  07C0  02F2               	subwf	DELAY_ms@ms_count,f
   367  07C1  3000               	movlw	0
   368  07C2  1C03               	skipc
   369  07C3  03F3               	decf	DELAY_ms@ms_count+1,f
   370  07C4  02F3               	subwf	DELAY_ms@ms_count+1,f
   371  07C5  2FB2               	goto	l515
   372  07C6                     __end_of_DELAY_ms:	
   373                           
   374                           	psect	text3
   375  07A7                     __ptext3:	
   376 ;; *************** function _DELAY_us *****************
   377 ;; Defined at:
   378 ;;		line 55 in file "delay.c"
   379 ;; Parameters:    Size  Location     Type
   380 ;;  us_count        2    0[COMMON] unsigned int 
   381 ;; Auto vars:     Size  Location     Type
   382 ;;		None
   383 ;; Return value:  Size  Location     Type
   384 ;;		None               void
   385 ;; Registers used:
   386 ;;		wreg, status,2, status,0
   387 ;; Tracked objects:
   388 ;;		On entry : 0/0
   389 ;;		On exit  : 0/0
   390 ;;		Unchanged: 0/0
   391 ;; Data sizes:     COMMON   BANK0   BANK1   BANK3   BANK2
   392 ;;      Params:         2       0       0       0       0
   393 ;;      Locals:         0       0       0       0       0
   394 ;;      Temps:          0       0       0       0       0
   395 ;;      Totals:         2       0       0       0       0
   396 ;;Total ram usage:        2 bytes
   397 ;; Hardware stack levels used:    1
   398 ;; This function calls:
   399 ;;		Nothing
   400 ;; This function is called by:
   401 ;;		_DELAY_ms
   402 ;; This function uses a non-reentrant model
   403 ;;
   404                           
   405                           
   406                           ;psect for function _DELAY_us
   407  07A7                     _DELAY_us:	
   408  07A7                     l507:	
   409                           ;delay.c: 57: while(us_count!=0)
   410                           
   411                           ;incstack = 0
   412                           ; Regs used in _DELAY_us: [wreg+status,2+status,0]
   413                           
   414  07A7  0871               	movf	DELAY_us@us_count+1,w
   415  07A8  0470               	iorwf	DELAY_us@us_count,w
   416  07A9  1903               	btfsc	3,2
   417  07AA  0008               	return
   418                           
   419                           ;delay.c: 58: {
   420                           ;delay.c: 59: us_count--;
   421  07AB  3001               	movlw	1
   422  07AC  02F0               	subwf	DELAY_us@us_count,f
   423  07AD  3000               	movlw	0
   424  07AE  1C03               	skipc
   425  07AF  03F1               	decf	DELAY_us@us_count+1,f
   426  07B0  02F1               	subwf	DELAY_us@us_count+1,f
   427  07B1  2FA7               	goto	l507
   428  07B2                     __end_of_DELAY_us:	
   429  007E                     btemp	set	126	;btemp
   430  007E                     wtemp	set	126
   431  007E                     wtemp0	set	126
   432  0080                     wtemp1	set	128
   433  0082                     wtemp2	set	130
   434  0084                     wtemp3	set	132
   435  0086                     wtemp4	set	134
   436  0088                     wtemp5	set	136
   437  007F                     wtemp6	set	127
   438  007E                     ttemp	set	126
   439  007E                     ttemp0	set	126
   440  0081                     ttemp1	set	129
   441  0084                     ttemp2	set	132
   442  0087                     ttemp3	set	135
   443  007F                     ttemp4	set	127
   444  007E                     ltemp	set	126
   445  007E                     ltemp0	set	126
   446  0082                     ltemp1	set	130
   447  0086                     ltemp2	set	134
   448  0080                     ltemp3	set	128


Data Sizes:
    Strings     0
    Constant    0
    Data        0
    BSS         0
    Persistent  0
    Stack       0

Auto Spaces:
    Space          Size  Autos    Used
    COMMON           14      8       8
    BANK0            80      0       0
    BANK1            80      0       0
    BANK3            96      0       0
    BANK2            96      0       0

Pointer List with Targets:

    None.

Critical Paths under _main in COMMON

    _main->_DELAY_sec
    _DELAY_sec->_DELAY_ms
    _DELAY_ms->_DELAY_us

Critical Paths under _main in BANK0

    None.

Critical Paths under _main in BANK1

    None.

Critical Paths under _main in BANK3

    None.

Critical Paths under _main in BANK2

    None.

Call Graph Tables:

 ---------------------------------------------------------------------------------
 (Depth) Function   	        Calls       Base Space   Used Autos Params    Refs
 ---------------------------------------------------------------------------------
 (0) _main                                                 2     2      0     249
                                              6 COMMON     2     2      0
                          _DELAY_sec
 ---------------------------------------------------------------------------------
 (1) _DELAY_sec                                            2     0      2     174
                                              4 COMMON     2     0      2
                           _DELAY_ms
 ---------------------------------------------------------------------------------
 (2) _DELAY_ms                                             2     0      2     116
                                              2 COMMON     2     0      2
                           _DELAY_us
 ---------------------------------------------------------------------------------
 (3) _DELAY_us                                             2     0      2      58
                                              0 COMMON     2     0      2
 ---------------------------------------------------------------------------------
 Estimated maximum stack depth 3
 ---------------------------------------------------------------------------------

 Call Graph Graphs:

 _main (ROOT)
   _DELAY_sec
     _DELAY_ms
       _DELAY_us

 Address spaces:
Name               Size   Autos  Total    Cost      Usage
BITCOMMON            E      0       0       0        0.0%
EEDATA             100      0       0       0        0.0%
NULL                 0      0       0       0        0.0%
CODE                 0      0       0       0        0.0%
COMMON               E      8       8       1       57.1%
BITSFR0              0      0       0       1        0.0%
SFR0                 0      0       0       1        0.0%
BITSFR1              0      0       0       2        0.0%
SFR1                 0      0       0       2        0.0%
STACK                0      0       0       2        0.0%
ABS                  0      0       0       3        0.0%
BITBANK0            50      0       0       4        0.0%
BITSFR3              0      0       0       4        0.0%
SFR3                 0      0       0       4        0.0%
BANK0               50      0       0       5        0.0%
BITSFR2              0      0       0       5        0.0%
SFR2                 0      0       0       5        0.0%
BITBANK1            50      0       0       6        0.0%
BANK1               50      0       0       7        0.0%
BITBANK3            60      0       0       8        0.0%
BANK3               60      0       0       9        0.0%
BITBANK2            60      0       0      10        0.0%
BANK2               60      0       0      11        0.0%
DATA                 0      0       0      12        0.0%


Microchip Technology PIC Macro Assembler V1.33 build 59893 
Symbol Table                                                                                   Sat Feb 21 08:56:08 2015

            __CFG_CP$OFF 0000              __CFG_LVP$ON 0000       __size_of_DELAY_sec 0014  
                    l507 07A7                      l515 07B2                      l523 07C6  
                    l527 07E2             __CFG_CPD$OFF 0000       DELAY_sec@sec_count 0074  
           __CFG_FOSC$HS 0000             __CFG_WRT$OFF 0000                     _main 07DA  
                   btemp 007E                     ltemp 007E                     start 0000  
                   ttemp 007E                     wtemp 007E         __end_of_DELAY_ms 07C6  
       __end_of_DELAY_us 07B2                    ?_main 0070            __CFG_WDTE$OFF 0000  
                  _PORTA 0005                    _PORTB 0006                    _PORTC 0007  
                  _PORTD 0008                    _PORTE 0009                    _TRISA 0085  
                  _TRISB 0086                    _TRISC 0087                    _TRISD 0088  
                  _TRISE 0089           __CFG_BOREN$OFF 0000                    ltemp0 007E  
                  ltemp1 0082                    ltemp2 0086                    ltemp3 0080  
                  ttemp0 007E                    ttemp1 0081                    ttemp2 0084  
                  ttemp3 0087                    ttemp4 007F                    status 0003  
                  wtemp0 007E                    wtemp1 0080                    wtemp2 0082  
                  wtemp3 0084                    wtemp4 0086                    wtemp5 0088  
                  wtemp6 007F        __end_of_DELAY_sec 07DA          __initialization 07FC  
           __end_of_main 07FC                   ??_main 0076           __CFG_PWRTE$OFF 0000  
       DELAY_ms@ms_count 0072                ?_DELAY_ms 0072                ?_DELAY_us 0070  
__end_of__initialization 07FC           __pcstackCOMMON 0070               ??_DELAY_ms 0074  
             ??_DELAY_us 0072               __pmaintext 07DA         DELAY_us@us_count 0070  
              _DELAY_sec 07C6                  __ptext0 0000                  __ptext1 07C6  
                __ptext2 07B2                  __ptext3 07A7                  main@cnt 0077  
   end_of_initialization 07FC               ?_DELAY_sec 0074        __size_of_DELAY_ms 0014  
      __size_of_DELAY_us 000B      start_initialization 07FC              ??_DELAY_sec 0076  
              ___latbits 0002                 _DELAY_ms 07B2                 _DELAY_us 07A7  
          __size_of_main 0022  
