

Microchip Technology PIC LITE Macro Assembler V1.32 build 58300 
                                                                                               Wed Aug 05 16:00:16 2015

Microchip Technology Omniscient Code Generator (Lite mode) build 58300
     1                           	processor	16F877A
     2                           	opt	pw 120
     3                           	opt	lm
     4                           	psect	maintext,global,class=CODE,split=1,delta=2
     5                           	psect	cinit,global,class=CODE,merge=1,delta=2
     6                           	psect	cstackCOMMON,global,class=COMMON,space=1,delta=1
     7                           	dabs	1,0x7E,2
     8  0000                     	;# 
     9  0001                     	;# 
    10  0002                     	;# 
    11  0003                     	;# 
    12  0004                     	;# 
    13  0005                     	;# 
    14  0006                     	;# 
    15  0007                     	;# 
    16  0008                     	;# 
    17  0009                     	;# 
    18  000A                     	;# 
    19  000B                     	;# 
    20  000C                     	;# 
    21  000D                     	;# 
    22  000E                     	;# 
    23  000E                     	;# 
    24  000F                     	;# 
    25  0010                     	;# 
    26  0011                     	;# 
    27  0012                     	;# 
    28  0013                     	;# 
    29  0014                     	;# 
    30  0015                     	;# 
    31  0015                     	;# 
    32  0016                     	;# 
    33  0017                     	;# 
    34  0018                     	;# 
    35  0019                     	;# 
    36  001A                     	;# 
    37  001B                     	;# 
    38  001B                     	;# 
    39  001C                     	;# 
    40  001D                     	;# 
    41  001E                     	;# 
    42  001F                     	;# 
    43  0081                     	;# 
    44  0085                     	;# 
    45  0086                     	;# 
    46  0087                     	;# 
    47  0088                     	;# 
    48  0089                     	;# 
    49  008C                     	;# 
    50  008D                     	;# 
    51  008E                     	;# 
    52  0091                     	;# 
    53  0092                     	;# 
    54  0093                     	;# 
    55  0094                     	;# 
    56  0098                     	;# 
    57  0099                     	;# 
    58  009C                     	;# 
    59  009D                     	;# 
    60  009E                     	;# 
    61  009F                     	;# 
    62  010C                     	;# 
    63  010D                     	;# 
    64  010E                     	;# 
    65  010F                     	;# 
    66  018C                     	;# 
    67  018D                     	;# 
    68  0006                     _PORTB	set	6
    69  0008                     _PORTD	set	8
    70  0086                     _TRISB	set	134
    71  0088                     _TRISD	set	136
    72                           
    73                           	psect	maintext
    74  07EF                     __pmaintext:	
    75                           ; #config settings
    76                           
    77                           
    78                           ;psect for function _main
    79  0000                     
    80 ;;
    81 ;;Main: autosize = 0, tempsize = 1, incstack = 0, save=0
    82 ;;
    83 ;; *************** function _main *****************
    84 ;; Defined at:
    85 ;;		line 20 in file "main.c"
    86 ;; Parameters:    Size  Location     Type
    87 ;;		None
    88 ;; Auto vars:     Size  Location     Type
    89 ;;  SwitchData      1    1[COMMON] unsigned char 
    90 ;; Return value:  Size  Location     Type
    91 ;;		None               void
    92 ;; Registers used:
    93 ;;		wreg, status,2
    94 ;; Tracked objects:
    95 ;;		On entry : 17F/0
    96 ;;		On exit  : 0/0
    97 ;;		Unchanged: 0/0
    98 ;; Data sizes:     COMMON   BANK0   BANK1   BANK3   BANK2
    99 ;;      Params:         0       0       0       0       0
   100 ;;      Locals:         1       0       0       0       0
   101 ;;      Temps:          1       0       0       0       0
   102 ;;      Totals:         2       0       0       0       0
   103 ;;Total ram usage:        2 bytes
   104 ;; This function calls:
   105 ;;		Nothing
   106 ;; This function is called by:
   107 ;;		Startup code after reset
   108 ;; This function uses a non-reentrant model
   109 ;;
   110  07EF                     _main:	
   111                           
   112                           ;main.c: 22: unsigned char SwitchData;
   113                           ;main.c: 25: TRISD = 0x00u;
   114                           
   115                           ;incstack = 0
   116                           ; Regs used in _main: [wreg+status,2]
   117  07EF  1683               	bsf	3,5	;RP0=1, select bank1
   118  07F0  1303               	bcf	3,6	;RP1=0, select bank1
   119  07F1  0188               	clrf	8	;volatile
   120                           
   121                           ;main.c: 26: TRISB = 0xffu;
   122  07F2  30FF               	movlw	255
   123  07F3  0086               	movwf	6	;volatile
   124  07F4                     l515:	
   125                           ;main.c: 28: while(1)
   126                           
   127                           
   128                           ;main.c: 29: {
   129                           ;main.c: 32: SwitchData = PORTB;
   130  07F4  1283               	bcf	3,5	;RP0=0, select bank0
   131  07F5  0806               	movf	6,w	;volatile
   132  07F6  00F0               	movwf	??_main
   133  07F7  0870               	movf	??_main,w
   134  07F8  00F1               	movwf	main@SwitchData
   135                           
   136                           ;main.c: 35: PORTD=SwitchData;
   137  07F9  0871               	movf	main@SwitchData,w
   138  07FA  0088               	movwf	8	;volatile
   139  07FB  2FF4               	goto	l515
   140  07FC                     __end_of_main:	
   141  007E                     btemp	set	126	;btemp
   142  007E                     wtemp	set	126
   143  007E                     wtemp0	set	126
   144  0080                     wtemp1	set	128
   145  0082                     wtemp2	set	130
   146  0084                     wtemp3	set	132
   147  0086                     wtemp4	set	134
   148  0088                     wtemp5	set	136
   149  007F                     wtemp6	set	127
   150  007E                     ttemp	set	126
   151  007E                     ttemp0	set	126
   152  0081                     ttemp1	set	129
   153  0084                     ttemp2	set	132
   154  0087                     ttemp3	set	135
   155  007F                     ttemp4	set	127
   156  007E                     ltemp	set	126
   157  007E                     ltemp0	set	126
   158  0082                     ltemp1	set	130
   159  0086                     ltemp2	set	134
   160  0080                     ltemp3	set	128
   161                           
   162                           	psect	cinit
   163  07FC                     start_initialization:	
   164  07FC                     __initialization:	
   165  07FC                     end_of_initialization:	
   166                           ;End of C runtime variable initialization code
   167                           
   168  07FC                     __end_of__initialization:	
   169  07FC  0183               	clrf	3
   170  07FD  120A  118A  2FEF   	ljmp	_main	;jump to C main() function
   171                           
   172                           	psect	cstackCOMMON
   173  0070                     __pcstackCOMMON:	
   174  0070                     ?_main:	
   175  0070                     ??_main:	
   176                           ; 0 bytes @ 0x0
   177                           
   178                           
   179                           ; 0 bytes @ 0x0
   180  0070                     	ds	1
   181  0071                     main@SwitchData:	
   182                           
   183                           ; 1 bytes @ 0x1
   184  0071                     	ds	1


Data Sizes:
    Strings     0
    Constant    0
    Data        0
    BSS         0
    Persistent  0
    Stack       0

Auto Spaces:
    Space          Size  Autos    Used
    COMMON           14      2       2
    BANK0            80      0       0
    BANK1            80      0       0
    BANK3            96      0       0
    BANK2            96      0       0

Pointer List with Targets:

    None.

Critical Paths under _main in COMMON

    None.

Critical Paths under _main in BANK0

    None.

Critical Paths under _main in BANK1

    None.

Critical Paths under _main in BANK3

    None.

Critical Paths under _main in BANK2

    None.

Call Graph Tables:

 ---------------------------------------------------------------------------------
 (Depth) Function   	        Calls       Base Space   Used Autos Params    Refs
 ---------------------------------------------------------------------------------
 (0) _main                                                 2     2      0      15
                                              0 COMMON     2     2      0
 ---------------------------------------------------------------------------------
 Estimated maximum stack depth 0
 ---------------------------------------------------------------------------------

 Call Graph Graphs:

 _main (ROOT)

 Address spaces:
Name               Size   Autos  Total    Cost      Usage
BITCOMMON            E      0       0       0        0.0%
EEDATA             100      0       0       0        0.0%
NULL                 0      0       0       0        0.0%
CODE                 0      0       0       0        0.0%
COMMON               E      2       2       1       14.3%
BITSFR0              0      0       0       1        0.0%
SFR0                 0      0       0       1        0.0%
BITSFR1              0      0       0       2        0.0%
SFR1                 0      0       0       2        0.0%
STACK                0      0       0       2        0.0%
ABS                  0      0       0       3        0.0%
BITBANK0            50      0       0       4        0.0%
BITSFR3              0      0       0       4        0.0%
SFR3                 0      0       0       4        0.0%
BANK0               50      0       0       5        0.0%
BITSFR2              0      0       0       5        0.0%
SFR2                 0      0       0       5        0.0%
BITBANK1            50      0       0       6        0.0%
BANK1               50      0       0       7        0.0%
BITBANK3            60      0       0       8        0.0%
BANK3               60      0       0       9        0.0%
BITBANK2            60      0       0      10        0.0%
BANK2               60      0       0      11        0.0%
DATA                 0      0       0      12        0.0%


Microchip Technology PIC Macro Assembler V1.32 build 58300 
Symbol Table                                                                                   Wed Aug 05 16:00:16 2015

            __CFG_CP$OFF 0000              __CFG_LVP$ON 0000                      l515 07F4  
           __CFG_CPD$OFF 0000             __CFG_FOSC$HS 0000             __CFG_WRT$OFF 0000  
                   _main 07EF                     btemp 007E                     ltemp 007E  
                   start 0000                     ttemp 007E                     wtemp 007E  
                  ?_main 0070            __CFG_WDTE$OFF 0000                    _PORTB 0006  
                  _PORTD 0008                    _TRISB 0086                    _TRISD 0088  
         __CFG_BOREN$OFF 0000                    ltemp0 007E                    ltemp1 0082  
                  ltemp2 0086                    ltemp3 0080                    ttemp0 007E  
                  ttemp1 0081                    ttemp2 0084                    ttemp3 0087  
                  ttemp4 007F                    status 0003                    wtemp0 007E  
                  wtemp1 0080                    wtemp2 0082                    wtemp3 0084  
                  wtemp4 0086                    wtemp5 0088                    wtemp6 007F  
        __initialization 07FC             __end_of_main 07FC                   ??_main 0070  
         __CFG_PWRTE$OFF 0000           main@SwitchData 0071  __end_of__initialization 07FC  
         __pcstackCOMMON 0070               __pmaintext 07EF     end_of_initialization 07FC  
    start_initialization 07FC                ___latbits 0002            __size_of_main 000D  
