C51 COMPILER V9.02   LED_BLINKING                                                          02/21/2015 10:30:53 PAGE 1   


C51 COMPILER V9.02, COMPILATION OF MODULE LED_BLINKING
OBJECT MODULE PLACED IN Led_Blinking.OBJ
COMPILER INVOKED BY: C:\Keil\C51\BIN\C51.EXE Led_Blinking.c BROWSE DEBUG OBJECTEXTEND

line level    source

   1          /*-----------------------------------------------------------------------------
   2                           Program to demonstrate Led_Blinging
   3            -----------------------------------------------------------------------------
   4           
   5          note: Leds can be connected to any of the ports as all the ports are blinked
   6          
   7          ------------------------------------------------------------------------------*/
   8          
   9          
  10          /* Reg51.h contains the defnition of all ports and SFRs */
  11          #include <reg51.h> 
  12            #pragma OT(9)       /* Selcet highest level of optimization */
  13          
  14          #include "delay.h" //User defined library which conatins the delay routines
  15          
  16          
  17          #define LedOn 0xFF
  18          #define LedOff 0x00
  19          
  20          /* start the main program */
  21          void main() 
  22          {
  23   1      
  24   1        while(1)
  25   1          {
  26   2      
  27   2               /* Turn On all the leds and wait for one second */ 
  28   2                 P0=LedOn;
  29   2                 P1=LedOn;
  30   2                 P2=LedOn;
  31   2                 P3=LedOn;
  32   2      
  33   2                 DELAY_sec(1);
  34   2      
  35   2      
  36   2               /* Turn off all the leds and wait for one second */
  37   2                 P0=LedOff;
  38   2                 P1=LedOff;
  39   2                 P2=LedOff;
  40   2                 P3=LedOff;                              
  41   2      
  42   2                 DELAY_sec(1);
  43   2                }
  44   1        }


MODULE INFORMATION:   STATIC OVERLAYABLE
   CODE SIZE        =     36    ----
   CONSTANT SIZE    =   ----    ----
   XDATA SIZE       =   ----    ----
   PDATA SIZE       =   ----    ----
   DATA SIZE        =   ----    ----
   IDATA SIZE       =   ----    ----
   BIT SIZE         =   ----    ----
END OF MODULE INFORMATION.

C51 COMPILER V9.02   LED_BLINKING                                                          02/21/2015 10:30:53 PAGE 2   


C51 COMPILATION COMPLETE.  0 WARNING(S),  0 ERROR(S)
