C51 COMPILER V9.02   MAIN                                                                  01/28/2015 19:04:00 PAGE 1   


C51 COMPILER V9.02, COMPILATION OF MODULE MAIN
OBJECT MODULE PLACED IN main.OBJ
COMPILER INVOKED BY: C:\Keil\C51\BIN\C51.EXE main.c BROWSE DEBUG OBJECTEXTEND

line level    source

   1          /*-----------------------------------------------------------------------------
   2                   Program to demonstrate displaying of 5-digit LCD_Connter
   3            -----------------------------------------------------------------------------
   4            note:
   5            Refer lcd.c(lcd_4_bit.c/lcd_8_bit.c) file for Pin connections
   6          ------------------------------------------------------------------------------*/
   7          
   8          
   9          /* Reg51.h contains the defnition of all ports and SFRs */
  10          #include <reg51.h> 
  11          
  12          #include "lcd.h"        //User defined LCD library which conatins the lcd routines
  13          #include "delay.h" //User defined library which conatins the delay routines
  14          
  15          
  16          /* start the main program */
  17          void main() 
  18          {
  19   1         unsigned int counter=0;
  20   1      
  21   1        /* Initilize the lcd before displaying any thing on the lcd */
  22   1          LCD_Init(8,2,16);
  23   1      
  24   1        /* Display "Lcd_Counter" on first line*/
  25   1          LCD_DisplayString("Lcd_Counter");
  26   1      
  27   1         /* Display the counter till 9999 */ 
  28   1         while(counter < 9999)
  29   1          {
  30   2              /*Go to second line and display counter value */
  31   2               LCD_GoToLine(2);
  32   2               LCD_DisplayDecimalNumber(counter,4);
  33   2      
  34   2                       /*Wait for 1sec after displaying the count */
  35   2                       DELAY_sec(1);
  36   2                                       
  37   2                       /* Increment the counter till it reaches 9999*/
  38   2                       counter++;
  39   2                }
  40   1      
  41   1      
  42   1        while(1);
  43   1      
  44   1        }


MODULE INFORMATION:   STATIC OVERLAYABLE
   CODE SIZE        =     71    ----
   CONSTANT SIZE    =     12    ----
   XDATA SIZE       =   ----    ----
   PDATA SIZE       =   ----    ----
   DATA SIZE        =   ----       2
   IDATA SIZE       =   ----    ----
   BIT SIZE         =   ----    ----
END OF MODULE INFORMATION.

C51 COMPILER V9.02   MAIN                                                                  01/28/2015 19:04:00 PAGE 2   


C51 COMPILATION COMPLETE.  0 WARNING(S),  0 ERROR(S)
